<?xml version="1.0" encoding="UTF-8" ?>
<testsuite errors="0" failures="1" hostname="yggdrasil.fritz.box" name="de.fu.scetris.scheduler.model.strategy.implementations.test.ScheduleImplTest" tests="2" time="2.846" timestamp="2010-11-19T01:34:57">
  <properties>
[...]
</properties>
  <testcase classname="de.fu.scetris.scheduler.model.strategy.implementations.test.ScheduleImplTest" name="testInitializeAreConstraintsSatisfied" time="1.468">
    <failure type="junit.framework.AssertionFailedError">junit.framework.AssertionFailedError: 
	at de.fu.scetris.scheduler.model.strategy.implementations.test.ScheduleImplTest.testInitializeAreConstraintsSatisfied(ScheduleImplTest.java:251)
</failure>
  </testcase>
  <testcase classname="de.fu.scetris.scheduler.model.strategy.implementations.test.ScheduleImplTest" name="testInitializeRoomTimeCourseSlotList" time="1.115" />
  <system-out><![CDATA[]]></system-out>
  <system-err><![CDATA[]]></system-err>
</testsuite>
